<?xml version="1.0" encoding="UTF-8" standalone="no"?><testsuite errors="0" failures="0" name="Automatizar (pago cartera), cuando se ingrese información en la lista desplegable, compañia, cuenta y se seleccione la opción pago cartera, y se le de clic al  botón consultar" skipped="0" tests="1" time="168.93" timestamp="2022-03-30 01:01:43"><testcase name="cuando se ingrese información en la lista desplegable, compañia, cuenta y se seleccione la opción pago cartera, y se le de clic al  botón consultar"/></testsuite>